[debug] [2026-05-09T16:39:50.275Z] ----------------------------------------------------------------------
[debug] [2026-05-09T16:39:50.278Z] Command:       C:\Program Files\nodejs\node.exe C:\Users\DELL\AppData\Roaming\npm\node_modules\firebase-tools\lib\bin\firebase.js init
[debug] [2026-05-09T16:39:50.279Z] CLI Version:   15.17.0
[debug] [2026-05-09T16:39:50.279Z] Platform:      win32
[debug] [2026-05-09T16:39:50.279Z] Node Version:  v24.12.0
[debug] [2026-05-09T16:39:50.279Z] Time:          Sat May 09 2026 16:39:50 GMT+0000 (Coordinated Universal Time)
[debug] [2026-05-09T16:39:50.279Z] ----------------------------------------------------------------------
[debug] 
[debug] [2026-05-09T16:39:53.067Z] Object "/hosting" in "firebase.json" has unknown property: {"additionalProperty":"404"}
[debug] [2026-05-09T16:39:53.072Z] Field "/hosting" in "firebase.json" is possibly invalid: must be array
[debug] [2026-05-09T16:39:53.073Z] Field "/hosting" in "firebase.json" is possibly invalid: must match a schema in anyOf
[debug] [2026-05-09T16:39:53.080Z] Object "/hosting" in "firebase.json" has unknown property: {"additionalProperty":"404"}
[debug] [2026-05-09T16:39:53.080Z] Field "/hosting" in "firebase.json" is possibly invalid: must be array
[debug] [2026-05-09T16:39:53.080Z] Field "/hosting" in "firebase.json" is possibly invalid: must match a schema in anyOf
[info] 
     ######## #### ########  ######## ########     ###     ######  ########
     ##        ##  ##     ## ##       ##     ##  ##   ##  ##       ##
     ######    ##  ########  ######   ########  #########  ######  ######
     ##        ##  ##    ##  ##       ##     ## ##     ##       ## ##
     ##       #### ##     ## ######## ########  ##     ##  ######  ########

You're about to initialize a Firebase project in this directory:

  C:\Users\DELL\Desktop\luban-workshop-restaurant\03_Codebase\luban-workshop

Before we get started, keep in mind:

  * You are initializing within an existing Firebase project directory

